<?xml version="1.0" encoding="UTF-8"?>
<robot generator="Robot 7.2 (Python 3.13.1 on win32)" generated="2025-01-28T11:17:45.049652" rpa="false" schemaversion="5">
<suite id="s1" name="Sanber63-Mobile-Automation-Kelompok-6" source="C:\Users\DELL\Desktop\Sanber63-Mobile-Automation-Kelompok-6">
<suite id="s1-s1" name="Suites" source="C:\Users\DELL\Desktop\Sanber63-Mobile-Automation-Kelompok-6\suites">
<suite id="s1-s1-s1" name="Search" source="C:\Users\DELL\Desktop\Sanber63-Mobile-Automation-Kelompok-6\suites\search.robot">
<test id="s1-s1-s1-t1" name="Search Flight" line="12">
<kw name="Open Flight Aplication">
<msg time="2025-01-28T11:17:46.212274" level="FAIL">No keyword with name 'Open Flight Aplication' found. Did you mean:
    base.Open Flight Application
    base.Close Flight Application</msg>
<status status="FAIL" start="2025-01-28T11:17:46.202470" elapsed="0.012492">No keyword with name 'Open Flight Aplication' found. Did you mean:
    base.Open Flight Application
    base.Close Flight Application</status>
</kw>
<kw name="Click Sign In Button">
<status status="NOT RUN" start="2025-01-28T11:17:46.316591" elapsed="0.008323"/>
</kw>
<kw name="Input Username">
<status status="NOT RUN" start="2025-01-28T11:17:46.400871" elapsed="0.008277"/>
</kw>
<kw name="Input Password" owner="AppiumLibrary">
<doc>Types the given password into text field identified by `locator`.</doc>
<status status="NOT RUN" start="2025-01-28T11:17:46.471122" elapsed="0.001426"/>
</kw>
<kw name="Click Sign In Button On Login Screen">
<status status="NOT RUN" start="2025-01-28T11:17:46.485205" elapsed="0.007221"/>
</kw>
<kw name="Click Search">
<status status="NOT RUN" start="2025-01-28T11:17:46.505419" elapsed="0.009472"/>
</kw>
<kw name="Masukkan Number Flight">
<status status="NOT RUN" start="2025-01-28T11:17:46.522593" elapsed="0.019908"/>
</kw>
<kw name="Click Search On Search Screen">
<status status="NOT RUN" start="2025-01-28T11:17:46.559545" elapsed="0.010571"/>
</kw>
<status status="FAIL" start="2025-01-28T11:17:46.189880" elapsed="0.397484">No keyword with name 'Open Flight Aplication' found. Did you mean:
    base.Open Flight Application
    base.Close Flight Application</status>
</test>
<status status="FAIL" start="2025-01-28T11:17:45.214431" elapsed="1.391789"/>
</suite>
<status status="FAIL" start="2025-01-28T11:17:45.173026" elapsed="1.468871"/>
</suite>
<status status="FAIL" start="2025-01-28T11:17:45.100333" elapsed="1.558779"/>
</suite>
<statistics>
<total>
<stat pass="0" fail="1" skip="0">All Tests</stat>
</total>
<tag>
</tag>
<suite>
<stat name="Sanber63-Mobile-Automation-Kelompok-6" id="s1" pass="0" fail="1" skip="0">Sanber63-Mobile-Automation-Kelompok-6</stat>
<stat name="Suites" id="s1-s1" pass="0" fail="1" skip="0">Sanber63-Mobile-Automation-Kelompok-6.Suites</stat>
<stat name="Search" id="s1-s1-s1" pass="0" fail="1" skip="0">Sanber63-Mobile-Automation-Kelompok-6.Suites.Search</stat>
</suite>
</statistics>
<errors>
<msg time="2025-01-28T11:17:46.105742" level="ERROR">Error in file 'C:\Users\DELL\Desktop\Sanber63-Mobile-Automation-Kelompok-6\PageObjects\homePage\homePage.robot' on line 4: Library '..\..\.venv\Lib\site-packages\AppiumLibrary\__init__.py' does not exist.</msg>
<msg time="2025-01-28T11:17:46.125898" level="WARN">Imported resource file 'C:\Users\DELL\Desktop\Sanber63-Mobile-Automation-Kelompok-6\PageObjects\searchPage\searchPage.robot' is empty.</msg>
</errors>
</robot>
